<?xml version="1.0" encoding="UTF-8"?>
<!-- Generated by org.testng.reporters.JUnitReportReporter -->
<testsuite skipped="0" hostname="PCSOR420" name="runner.TestRunner" tests="1" failures="0" timestamp="09 abr 2018 19:00:29 GMT" time="18.162" errors="0">
  <testcase name="feature" time="18.162" classname="runner.TestRunner"/>
</testsuite> <!-- runner.TestRunner -->
