<?xml version="1.0" encoding="UTF-8"?>
<!-- Generated by org.testng.reporters.JUnitReportReporter -->
<testsuite skipped="0" hostname="PCSOR420" name="runner.TestRunner" tests="1" failures="0" timestamp="12 abr 2018 17:05:32 GMT" time="65.969" errors="0">
  <testcase name="feature" time="65.969" classname="runner.TestRunner"/>
</testsuite> <!-- runner.TestRunner -->
